2022-03-26 14:14:42,588 INFO TestOpen [main] -------------------????? ????----------------------
2022-03-26 14:14:42,598 INFO TestOpen [main] ??????? ??????
2022-03-26 14:14:42,599 INFO TestOpen [main] -------------------???? ???????---------------------
2022-03-26 14:16:31,104 INFO TestOpen [main] -------------------????? ????----------------------
2022-03-26 14:18:31,242 INFO TestOpen [main] ??????? ??????
2022-03-26 14:18:31,244 INFO TestOpen [main] -------------------???? ???????---------------------
2022-03-26 14:21:41,121 INFO TestOpen [main] -------------------????? ????----------------------
2022-03-26 14:42:26,531 INFO TestOpen [main] -------------------????? ????----------------------
2022-03-26 14:42:55,368 INFO TestOpen [main] ??????? ??????
2022-03-26 14:42:55,371 INFO TestOpen [main] -------------------???? ???????---------------------
2022-03-26 15:18:14,296 INFO TestOpen [main] -------------------????? ????----------------------
2022-03-26 15:18:58,726 INFO TestOpen [main] ??????? ??????
2022-03-26 15:18:58,729 INFO TestOpen [main] -------------------???? ???????---------------------
2022-03-26 15:44:56,126 INFO TestOpen [main] -------------------????? ????----------------------
2022-03-26 15:45:07,830 INFO TestOpen [main] ??????? ??????
2022-03-26 15:45:07,831 INFO TestOpen [main] -------------------???? ???????---------------------
2022-03-26 16:03:08,925 INFO TestOpen [main] -------------------новый тест----------------------
2022-03-26 16:03:08,948 INFO TestOpen [main] драйвер закрыт
2022-03-26 16:03:08,948 INFO TestOpen [main] -------------------тест окончен---------------------
2022-03-26 16:03:40,675 INFO TestOpen [main] -------------------новый тест----------------------
2022-03-26 16:03:40,685 INFO TestOpen [main] драйвер закрыт
2022-03-26 16:03:40,685 INFO TestOpen [main] -------------------тест окончен---------------------
2022-03-26 16:04:25,797 INFO TestOpen [main] -------------------новый тест----------------------
2022-03-26 16:04:25,806 INFO TestOpen [main] драйвер закрыт
2022-03-26 16:04:25,807 INFO TestOpen [main] -------------------тест окончен---------------------
2022-03-26 16:05:59,819 INFO TestOpen [main] -------------------новый тест----------------------
2022-03-26 16:05:59,827 INFO TestOpen [main] драйвер закрыт
2022-03-26 16:05:59,827 INFO TestOpen [main] -------------------тест окончен---------------------
2022-03-26 16:06:36,574 INFO TestOpen [main] -------------------новый тест----------------------
2022-03-26 16:06:36,583 INFO TestOpen [main] драйвер закрыт
2022-03-26 16:06:36,584 INFO TestOpen [main] -------------------тест окончен---------------------
2022-03-26 16:07:41,616 INFO TestOpen [main] -------------------новый тест----------------------
2022-03-26 16:09:21,531 INFO TestOpen [main] -------------------новый тест----------------------
2022-03-26 16:09:46,632 INFO TestOpen [main] драйвер закрыт
2022-03-26 16:09:46,633 INFO TestOpen [main] -------------------тест окончен---------------------
2022-03-26 16:12:14,474 INFO TestOpen [main] -------------------новый тест----------------------
2022-03-26 16:12:48,785 INFO TestOpen [main] драйвер закрыт
2022-03-26 16:12:48,786 INFO TestOpen [main] -------------------тест окончен---------------------
2022-03-26 16:16:37,300 INFO TestOpen [main] -------------------новый тест----------------------
2022-03-26 16:17:46,448 INFO TestOpen [main] Headless
2022-03-26 16:17:51,000 INFO TestOpen [main] драйвер закрыт
2022-03-26 16:17:51,000 INFO TestOpen [main] -------------------тест окончен---------------------
2022-03-29 08:30:13,330 INFO TestOpen [main] -------------------новый тест----------------------
2022-03-29 08:31:48,497 INFO TestOpen [main] драйвер закрыт
2022-03-29 08:31:48,497 INFO TestOpen [main] -------------------тест окончен---------------------
2022-03-29 08:32:25,672 INFO TestOpen [main] -------------------новый тест----------------------
2022-03-29 08:32:54,058 INFO TestOpen [main] драйвер закрыт
2022-03-29 08:32:54,058 INFO TestOpen [main] -------------------тест окончен---------------------
2022-03-29 08:46:13,048 INFO TestOpen [main] -------------------новый тест----------------------
2022-03-29 08:47:48,461 INFO TestOpen [main] драйвер закрыт
2022-03-29 08:47:48,461 INFO TestOpen [main] -------------------тест окончен---------------------
2022-03-29 08:49:32,495 INFO TestOpen [main] -------------------новый тест----------------------
2022-03-29 08:49:43,050 INFO TestOpen [main] драйвер закрыт
2022-03-29 08:49:43,050 INFO TestOpen [main] -------------------тест окончен---------------------
2022-03-29 08:56:53,636 INFO TestOpen [main] -------------------новый тест----------------------
2022-03-29 08:57:16,986 INFO TestOpen [main] драйвер закрыт
2022-03-29 08:57:16,986 INFO TestOpen [main] -------------------тест окончен---------------------
2022-03-29 08:59:13,755 INFO TestOpen [main] -------------------новый тест----------------------
2022-03-29 08:59:37,839 INFO TestOpen [main] драйвер закрыт
2022-03-29 08:59:37,839 INFO TestOpen [main] -------------------тест окончен---------------------
2022-03-29 09:00:11,006 INFO TestOpen [main] -------------------новый тест----------------------
2022-03-29 09:00:29,727 INFO TestOpen [main] Valid main page
2022-03-29 09:00:34,495 INFO TestOpen [main] драйвер закрыт
2022-03-29 09:00:34,495 INFO TestOpen [main] -------------------тест окончен---------------------
2022-03-29 09:03:11,767 INFO TestOpen [main] -------------------новый тест----------------------
2022-03-29 09:03:30,264 INFO TestOpen [main] драйвер закрыт
2022-03-29 09:03:30,264 INFO TestOpen [main] -------------------тест окончен---------------------
2022-03-29 09:03:57,880 INFO TestOpen [main] -------------------новый тест----------------------
2022-03-29 09:04:18,948 INFO TestOpen [main] драйвер закрыт
2022-03-29 09:04:18,948 INFO TestOpen [main] -------------------тест окончен---------------------
2022-03-29 09:13:02,770 INFO TestOpen [main] -------------------новый тест----------------------
2022-03-29 09:13:22,760 INFO TestOpen [main] Valid main page
2022-03-29 09:13:23,886 INFO TestOpen [main] драйвер закрыт
2022-03-29 09:13:23,886 INFO TestOpen [main] -------------------тест окончен---------------------
2022-03-29 09:13:42,207 INFO TestOpen [main] -------------------новый тест----------------------
2022-03-29 09:13:59,901 INFO TestOpen [main] Valid main page
2022-03-29 09:14:01,136 INFO TestOpen [main] драйвер закрыт
2022-03-29 09:14:01,136 INFO TestOpen [main] -------------------тест окончен---------------------
2022-03-29 09:23:10,348 INFO TestOpen [main] -------------------новый тест----------------------
2022-03-29 09:23:19,782 INFO TestOpen [main] -------------------новый тест----------------------
2022-03-29 09:23:19,876 INFO TestOpen [main] драйвер закрыт
2022-03-29 09:23:19,876 INFO TestOpen [main] -------------------тест окончен---------------------
2022-03-29 09:24:21,008 INFO TestOpen [main] -------------------новый тест----------------------
2022-03-29 09:25:28,220 INFO TestOpen [main] драйвер закрыт
2022-03-29 09:25:28,220 INFO TestOpen [main] -------------------тест окончен---------------------
2022-03-29 09:25:53,449 INFO TestOpen [main] -------------------новый тест----------------------
2022-03-29 09:26:09,951 INFO TestOpen [main] драйвер закрыт
2022-03-29 09:26:09,951 INFO TestOpen [main] -------------------тест окончен---------------------
2022-03-29 09:57:47,930 INFO TestOpen [main] -------------------новый тест----------------------
2022-03-29 09:58:37,099 INFO TestOpen [main] драйвер закрыт
2022-03-29 09:58:37,099 INFO TestOpen [main] -------------------тест окончен---------------------
2022-03-29 10:12:23,427 INFO TestOpen [main] -------------------новый тест----------------------
2022-03-29 10:12:48,312 INFO TestOpen [main] драйвер закрыт
2022-03-29 10:12:48,312 INFO TestOpen [main] -------------------тест окончен---------------------
2022-03-29 10:13:43,202 INFO TestOpen [main] -------------------новый тест----------------------
2022-03-29 10:13:53,658 INFO TestOpen [main] драйвер закрыт
2022-03-29 10:13:53,658 INFO TestOpen [main] -------------------тест окончен---------------------
2022-03-29 10:19:25,062 INFO TestOpen [main] -------------------новый тест----------------------
2022-03-29 10:19:39,801 INFO TestOpen [main] драйвер закрыт
2022-03-29 10:19:39,801 INFO TestOpen [main] -------------------тест окончен---------------------
2022-03-29 10:27:42,599 INFO TestOpen [main] -------------------новый тест----------------------
2022-03-29 10:27:42,740 INFO TestOpen [main] драйвер закрыт
2022-03-29 10:27:42,740 INFO TestOpen [main] -------------------тест окончен---------------------
2022-03-29 10:31:49,905 INFO TestOpen [main] -------------------новый тест----------------------
2022-03-29 10:32:18,452 INFO TestOpen [main] драйвер закрыт
2022-03-29 10:32:18,452 INFO TestOpen [main] -------------------тест окончен---------------------
2022-03-29 13:21:35,968 INFO TestOpen [main] -------------------новый тест----------------------
2022-03-29 13:22:06,509 INFO TestOpen [main] Valid main page
2022-03-29 13:22:08,443 INFO TestOpen [main] драйвер закрыт
2022-03-29 13:22:08,443 INFO TestOpen [main] -------------------тест окончен---------------------
2022-03-29 13:23:43,243 INFO TestOpen [main] -------------------новый тест----------------------
2022-03-29 13:24:06,619 INFO TestOpen [main] драйвер закрыт
2022-03-29 13:24:06,619 INFO TestOpen [main] -------------------тест окончен---------------------
2022-03-29 13:31:50,777 INFO TestOpen [main] -------------------новый тест----------------------
2022-03-29 13:32:22,077 INFO TestOpen [main] драйвер закрыт
2022-03-29 13:32:22,077 INFO TestOpen [main] -------------------тест окончен---------------------
2022-03-29 13:33:06,400 INFO TestOpen [main] -------------------новый тест----------------------
2022-03-29 13:34:10,667 INFO TestOpen [main] -------------------новый тест----------------------
2022-03-29 13:36:03,739 INFO TestOpen [main] -------------------новый тест----------------------
2022-03-29 13:36:23,611 INFO TestOpen [main] драйвер закрыт
2022-03-29 13:36:23,611 INFO TestOpen [main] -------------------тест окончен---------------------
2022-03-29 13:41:21,195 INFO TestOpen [main] -------------------новый тест----------------------
2022-03-29 13:41:49,444 INFO TestOpen [main] драйвер закрыт
2022-03-29 13:41:49,444 INFO TestOpen [main] -------------------тест окончен---------------------
2022-03-29 13:44:26,925 INFO TestOpen [main] -------------------новый тест----------------------
2022-03-29 13:44:41,604 INFO TestOpen [main] драйвер закрыт
2022-03-29 13:44:41,604 INFO TestOpen [main] -------------------тест окончен---------------------
2022-03-29 13:45:49,465 INFO TestOpen [main] -------------------новый тест----------------------
2022-03-29 13:46:07,279 INFO TestOpen [main] драйвер закрыт
2022-03-29 13:46:07,279 INFO TestOpen [main] -------------------тест окончен---------------------
2022-03-29 13:51:51,664 INFO TestOpen [main] -------------------новый тест----------------------
2022-03-29 13:52:09,414 INFO TestOpen [main] драйвер закрыт
2022-03-29 13:52:09,414 INFO TestOpen [main] -------------------тест окончен---------------------
2022-03-29 13:52:24,286 INFO TestOpen [main] -------------------новый тест----------------------
2022-03-29 13:53:06,798 INFO TestOpen [main] драйвер закрыт
2022-03-29 13:53:06,798 INFO TestOpen [main] -------------------тест окончен---------------------
2022-03-29 16:56:23,839 INFO TestOpen [main] -------------------новый тест----------------------
2022-03-29 16:57:08,065 INFO TestOpen [main] Highlight verify
2022-03-29 16:57:10,475 INFO TestOpen [main] драйвер закрыт
2022-03-29 16:57:10,475 INFO TestOpen [main] -------------------тест окончен---------------------
2022-03-29 16:58:20,786 INFO TestOpen [main] -------------------новый тест----------------------
2022-03-29 16:58:38,278 INFO TestOpen [main] Highlight verify
2022-03-29 16:58:38,574 INFO TestOpen [main] драйвер закрыт
2022-03-29 16:58:38,574 INFO TestOpen [main] -------------------тест окончен---------------------
2022-03-29 16:59:36,675 INFO TestOpen [main] -------------------новый тест----------------------
2022-03-29 16:59:53,573 INFO TestOpen [main] Highlight verify
2022-03-29 16:59:54,579 INFO TestOpen [main] драйвер закрыт
2022-03-29 16:59:54,579 INFO TestOpen [main] -------------------тест окончен---------------------
2022-03-29 17:02:05,670 INFO TestOpen [main] -------------------новый тест----------------------
2022-03-29 17:02:22,827 INFO TestOpen [main] Highlight verify
2022-03-29 17:02:24,281 INFO TestOpen [main] драйвер закрыт
2022-03-29 17:02:24,281 INFO TestOpen [main] -------------------тест окончен---------------------
2022-03-29 17:07:35,937 INFO TestOpen [main] -------------------новый тест----------------------
2022-03-29 17:08:11,186 INFO TestOpen [main] Highlight verify
2022-03-29 17:08:13,581 INFO TestOpen [main] драйвер закрыт
2022-03-29 17:08:13,581 INFO TestOpen [main] -------------------тест окончен---------------------
2022-03-29 17:09:04,061 INFO TestOpen [main] -------------------новый тест----------------------
2022-03-29 17:09:27,758 INFO TestOpen [main] Highlight verify
2022-03-29 17:09:28,794 INFO TestOpen [main] драйвер закрыт
2022-03-29 17:09:28,794 INFO TestOpen [main] -------------------тест окончен---------------------
2022-03-29 17:13:02,890 INFO TestOpen [main] -------------------новый тест----------------------
2022-03-29 17:13:23,187 INFO TestOpen [main] драйвер закрыт
2022-03-29 17:13:23,187 INFO TestOpen [main] -------------------тест окончен---------------------
2022-03-29 17:14:21,114 INFO TestOpen [main] -------------------новый тест----------------------
2022-03-29 17:14:51,789 INFO TestOpen [main] Highlight verify
2022-03-29 17:14:52,823 INFO TestOpen [main] драйвер закрыт
2022-03-29 17:14:52,823 INFO TestOpen [main] -------------------тест окончен---------------------
2022-03-29 17:16:35,744 INFO TestOpen [main] -------------------новый тест----------------------
2022-03-29 17:16:58,465 INFO TestOpen [main] драйвер закрыт
2022-03-29 17:16:58,465 INFO TestOpen [main] -------------------тест окончен---------------------
2022-03-29 17:18:32,688 INFO TestOpen [main] -------------------новый тест----------------------
2022-03-29 17:19:01,946 INFO TestOpen [main] Highlight verify
2022-03-29 17:19:02,369 INFO TestOpen [main] драйвер закрыт
2022-03-29 17:19:02,369 INFO TestOpen [main] -------------------тест окончен---------------------
2022-03-29 18:41:31,145 INFO TestOpen [main] -------------------новый тест----------------------
2022-03-29 18:42:03,857 INFO TestOpen [main] Highlight verify
2022-03-29 18:42:04,997 INFO TestOpen [main] драйвер закрыт
2022-03-29 18:42:04,997 INFO TestOpen [main] -------------------тест окончен---------------------
2022-03-29 18:59:48,010 INFO TestOpen [main] -------------------новый тест----------------------
2022-03-29 19:00:05,020 INFO TestOpen [main] Highlight verify
2022-03-29 19:00:09,067 INFO TestOpen [main] драйвер закрыт
2022-03-29 19:00:09,067 INFO TestOpen [main] -------------------тест окончен---------------------
2022-03-29 19:01:18,239 INFO TestOpen [main] -------------------новый тест----------------------
2022-03-29 19:01:34,440 INFO TestOpen [main] Highlight verify
2022-03-29 19:01:35,957 INFO TestOpen [main] драйвер закрыт
2022-03-29 19:01:35,957 INFO TestOpen [main] -------------------тест окончен---------------------
2022-03-29 19:02:38,236 INFO TestOpen [main] -------------------новый тест----------------------
2022-03-29 19:02:55,524 INFO TestOpen [main] Highlight verify
2022-03-29 19:02:55,814 INFO TestOpen [main] драйвер закрыт
2022-03-29 19:02:55,814 INFO TestOpen [main] -------------------тест окончен---------------------
2022-03-29 19:04:04,577 INFO TestOpen [main] -------------------новый тест----------------------
2022-03-29 19:04:24,099 INFO TestOpen [main] Highlight verify
2022-03-29 19:04:25,149 INFO TestOpen [main] драйвер закрыт
2022-03-29 19:04:25,149 INFO TestOpen [main] -------------------тест окончен---------------------
2022-03-29 19:13:11,066 INFO TestOpen [main] -------------------новый тест----------------------
2022-03-29 19:13:20,305 INFO TestOpen [main] драйвер закрыт
2022-03-29 19:13:20,305 INFO TestOpen [main] -------------------тест окончен---------------------
2022-03-29 19:15:11,685 INFO TestOpen [main] -------------------новый тест----------------------
2022-03-29 19:15:22,621 INFO TestOpen [main] драйвер закрыт
2022-03-29 19:15:22,621 INFO TestOpen [main] -------------------тест окончен---------------------
2022-03-29 19:17:48,142 INFO TestOpen [main] -------------------новый тест----------------------
2022-03-29 19:18:16,526 INFO TestOpen [main] Highlight verify
2022-03-29 19:18:28,627 INFO TestOpen [main] драйвер закрыт
2022-03-29 19:18:28,628 INFO TestOpen [main] -------------------тест окончен---------------------
2022-03-30 11:47:04,693 INFO TestOpen [main] -------------------новый тест----------------------
2022-03-30 11:47:58,343 INFO TestOpen [main] Highlight verify
2022-03-30 11:48:06,257 INFO TestOpen [main] драйвер закрыт
2022-03-30 11:48:06,257 INFO TestOpen [main] -------------------тест окончен---------------------
2022-03-30 11:48:54,443 INFO TestOpen [main] -------------------новый тест----------------------
2022-03-31 09:28:10,034 INFO TestOpen [main] -------------------новый тест----------------------
2022-03-31 09:28:42,737 INFO TestOpen [main] Highlight verify
2022-03-31 09:28:46,741 INFO TestOpen [main] драйвер закрыт
2022-03-31 09:28:46,741 INFO TestOpen [main] -------------------тест окончен---------------------
2022-03-31 09:31:59,545 INFO TestOpen [main] -------------------новый тест----------------------
2022-03-31 09:32:30,874 INFO TestOpen [main] драйвер закрыт
2022-03-31 09:32:30,874 INFO TestOpen [main] -------------------тест окончен---------------------
2022-03-31 09:33:53,981 INFO TestOpen [main] -------------------новый тест----------------------
2022-03-31 09:34:13,657 INFO TestOpen [main] Highlight verify
2022-03-31 09:34:15,723 INFO TestOpen [main] драйвер закрыт
2022-03-31 09:34:15,723 INFO TestOpen [main] -------------------тест окончен---------------------
2022-03-31 10:47:16,103 INFO TestOpen [main] -------------------новый тест----------------------
2022-03-31 10:51:51,545 INFO TestOpen [main] -------------------новый тест----------------------
2022-03-31 10:52:50,848 INFO TestOpen [main] Highlight verify
2022-03-31 10:52:53,709 INFO TestOpen [main] драйвер закрыт
2022-03-31 10:52:53,709 INFO TestOpen [main] -------------------тест окончен---------------------
2022-03-31 10:53:07,325 INFO TestOpen [main] -------------------новый тест----------------------
2022-03-31 10:53:35,948 INFO TestOpen [main] Valid main page
2022-03-31 10:53:40,024 INFO TestOpen [main] драйвер закрыт
2022-03-31 10:53:40,024 INFO TestOpen [main] -------------------тест окончен---------------------
2022-03-31 10:55:27,478 INFO TestOpen [main] -------------------новый тест----------------------
2022-03-31 10:56:34,479 INFO TestOpen [main] драйвер закрыт
2022-03-31 10:56:34,480 INFO TestOpen [main] -------------------тест окончен---------------------
2022-03-31 10:58:00,241 INFO TestOpen [main] -------------------новый тест----------------------
2022-03-31 10:58:35,779 INFO TestOpen [main] Highlight verify
2022-03-31 10:58:36,004 INFO TestOpen [main] драйвер закрыт
2022-03-31 10:58:36,004 INFO TestOpen [main] -------------------тест окончен---------------------
2022-03-31 14:21:39,411 INFO TestOpen [main] -------------------новый тест----------------------
2022-03-31 14:22:24,959 INFO TestOpen [main] драйвер закрыт
2022-03-31 14:22:24,959 INFO TestOpen [main] -------------------тест окончен---------------------
2022-03-31 14:36:09,171 INFO TestOpen [main] -------------------новый тест----------------------
2022-03-31 14:36:33,345 INFO TestOpen [main] драйвер закрыт
2022-03-31 14:36:33,345 INFO TestOpen [main] -------------------тест окончен---------------------
2022-03-31 14:38:25,391 INFO TestOpen [main] -------------------новый тест----------------------
2022-03-31 14:40:28,425 INFO TestOpen [main] драйвер закрыт
2022-03-31 14:40:28,425 INFO TestOpen [main] -------------------тест окончен---------------------
2022-03-31 14:40:55,498 INFO TestOpen [main] -------------------новый тест----------------------
2022-03-31 14:41:11,642 INFO TestOpen [main] драйвер закрыт
2022-03-31 14:41:11,642 INFO TestOpen [main] -------------------тест окончен---------------------
2022-03-31 14:42:34,058 INFO TestOpen [main] -------------------новый тест----------------------
2022-03-31 14:42:49,302 INFO TestOpen [main] Highlight verify
2022-03-31 14:42:52,291 INFO TestOpen [main] драйвер закрыт
2022-03-31 14:42:52,291 INFO TestOpen [main] -------------------тест окончен---------------------
2022-04-03 14:07:15,766 INFO TestOpen [main] -------------------новый тест----------------------
2022-04-03 14:07:15,997 INFO TestOpen [main] -------------------новый тест----------------------
2022-04-03 14:08:31,506 INFO TestOpen [main] драйвер закрыт
2022-04-03 14:08:31,506 INFO TestOpen [main] драйвер закрыт
2022-04-03 14:08:31,506 INFO TestOpen [main] -------------------тест окончен---------------------
2022-04-03 14:08:31,506 INFO TestOpen [main] -------------------тест окончен---------------------
2022-04-03 14:09:38,809 INFO TestOpen [main] -------------------новый тест----------------------
2022-04-03 14:12:22,007 INFO TestOpen [main] драйвер закрыт
2022-04-03 14:12:22,008 INFO TestOpen [main] -------------------тест окончен---------------------
2022-04-03 14:13:47,497 INFO TestOpen [main] -------------------новый тест----------------------
2022-04-03 14:15:32,122 INFO TestOpen [main] драйвер закрыт
2022-04-03 14:15:32,123 INFO TestOpen [main] -------------------тест окончен---------------------
2022-04-03 14:21:33,924 INFO TestOpen [main] -------------------новый тест----------------------
2022-04-03 14:21:58,996 INFO TestOpen [main] драйвер закрыт
2022-04-03 14:21:58,996 INFO TestOpen [main] -------------------тест окончен---------------------
2022-04-03 14:29:49,264 INFO TestOpen [main] -------------------новый тест----------------------
2022-04-03 14:30:24,084 INFO TestOpen [main] драйвер закрыт
2022-04-03 14:30:24,084 INFO TestOpen [main] -------------------тест окончен---------------------
2022-04-03 14:30:45,753 INFO TestOpen [main] -------------------новый тест----------------------
2022-04-03 14:30:54,185 INFO TestOpen [main] драйвер закрыт
2022-04-03 14:30:54,185 INFO TestOpen [main] -------------------тест окончен---------------------
2022-04-03 14:32:09,256 INFO TestOpen [main] -------------------новый тест----------------------
2022-04-03 14:32:17,321 INFO TestOpen [main] драйвер закрыт
2022-04-03 14:32:17,322 INFO TestOpen [main] -------------------тест окончен---------------------
2022-04-03 14:32:31,608 INFO TestOpen [main] -------------------новый тест----------------------
2022-04-03 14:32:34,731 INFO TestOpen [main] -------------------новый тест----------------------
2022-04-03 14:33:14,384 INFO TestOpen [main] драйвер закрыт
2022-04-03 14:33:14,384 INFO TestOpen [main] -------------------тест окончен---------------------
2022-04-03 14:34:05,138 INFO TestOpen [main] драйвер закрыт
2022-04-03 14:34:05,138 INFO TestOpen [main] -------------------тест окончен---------------------
2022-04-03 14:35:06,409 INFO TestOpen [main] -------------------новый тест----------------------
2022-04-03 14:36:09,945 INFO TestOpen [main] Highlight verify
2022-04-03 14:36:11,141 INFO TestOpen [main] драйвер закрыт
2022-04-03 14:36:11,141 INFO TestOpen [main] -------------------тест окончен---------------------
2022-04-03 14:37:11,945 INFO TestOpen [main] -------------------новый тест----------------------
2022-04-03 14:37:21,587 INFO TestOpen [main] Highlight verify
2022-04-03 14:37:21,775 INFO TestOpen [main] драйвер закрыт
2022-04-03 14:37:21,775 INFO TestOpen [main] -------------------тест окончен---------------------
2022-04-03 14:38:15,468 INFO TestOpen [main] -------------------новый тест----------------------
2022-04-03 14:38:22,887 INFO TestOpen [main] драйвер закрыт
2022-04-03 14:38:22,887 INFO TestOpen [main] -------------------тест окончен---------------------
2022-04-03 14:42:47,372 INFO TestOpen [main] -------------------новый тест----------------------
2022-04-03 14:49:27,078 INFO TestOpen [main] -------------------новый тест----------------------
2022-04-03 14:50:54,751 INFO TestOpen [main] -------------------новый тест----------------------
2022-04-03 14:52:35,836 INFO TestOpen [main] -------------------новый тест----------------------
2022-04-03 14:55:31,046 INFO TestOpen [main] -------------------новый тест----------------------
